⇾ Compiling targets with crytic-compile module=fuzzer
⇾ Running command:
/home/malo/.local/bin/crytic-compile test/echidna/Tester.t.sol --export-format solc --export-dir artifacts --foundry-compile-all
⇾ Finished compiling targets in 9s module=fuzzer
⇾ Using cached Slither results found at slither_results.json
⇾ Initializing corpus module=fuzzer
⇾ Setting up test chain module=fuzzer
⇾ Finished setting up test chain module=fuzzer
⇾ Fuzzing with 10 workers module=fuzzer
⇾ [NOT STARTED] Property Test: Tester.echidna_total_supply() module=fuzzer
⇾ [NOT STARTED] Assertion Test: Tester.stakeToken() module=fuzzer
⇾ [NOT STARTED] Assertion Test: Tester.stakerContract() module=fuzzer
⇾ [NOT STARTED] Assertion Test: Tester.adminAddress() module=fuzzer
⇾ [NOT STARTED] Assertion Test: Tester.guardianAddress() module=fuzzer
⇾ [NOT STARTED] Assertion Test: Tester.sampleRewardToken() module=fuzzer
⇾ fuzz: elapsed: 0s, calls: 0 (0/sec), seq/s: 0, coverage: 0, corpus: 0, failures: 0/0, gas/s: 0, shrinking: 0, mem: 28/46 MB, resets/s: 0 module=fuzzer
error Encountered an error in the main fuzzing loop
‣ cannot generate fuzzed call as there are no methods to call module=fuzzer
⇾ Fuzzer stopped, test results follow below ... module=fuzzer
⇾ [1m[32m[NOT STARTED] [0m[0m[1mAssertion Test: Tester.adminAddress()[0m module=fuzzer
⇾ [1m[32m[NOT STARTED] [0m[0m[1mAssertion Test: Tester.guardianAddress()[0m module=fuzzer
⇾ [1m[32m[NOT STARTED] [0m[0m[1mAssertion Test: Tester.sampleRewardToken()[0m module=fuzzer
⇾ [1m[32m[NOT STARTED] [0m[0m[1mAssertion Test: Tester.stakeToken()[0m module=fuzzer
⇾ [1m[32m[NOT STARTED] [0m[0m[1mAssertion Test: Tester.stakerContract()[0m module=fuzzer
⇾ [1m[32m[NOT STARTED] [0m[0m[1mProperty Test: Tester.echidna_total_supply()[0m module=fuzzer
⇾ Test summary: 0 test(s) passed, 0 test(s) failed module=fuzzer
